This is pdfTeX, Version 3.14159265-2.6-1.40.21 (TeX Live 2020/Debian) (preloaded format=pdflatex 2021.12.24)  26 DEC 2021 15:35
entering extended mode
 \write18 enabled.
 %&-line parsing enabled.
**syscalls.tex -o syscalls.pdf
(./syscalls.tex
LaTeX2e <2020-10-01> patch level 4
L3 programming layer <2021-01-09> xparse <2020-03-03>
(/usr/share/texlive/texmf-dist/tex/latex/base/article.cls
Document Class: article 2020/04/10 v1.4m Standard LaTeX document class
(/usr/share/texlive/texmf-dist/tex/latex/base/size10.clo
File: size10.clo 2020/04/10 v1.4m Standard LaTeX file (size option)
)
\c@part=\count177
\c@section=\count178
\c@subsection=\count179
\c@subsubsection=\count180
\c@paragraph=\count181
\c@subparagraph=\count182
\c@figure=\count183
\c@table=\count184
\abovecaptionskip=\skip47
\belowcaptionskip=\skip48
\bibindent=\dimen138
)
(/usr/share/texlive/texmf-dist/tex/latex/geometry/geometry.sty
Package: geometry 2020/01/02 v5.9 Page Geometry

(/usr/share/texlive/texmf-dist/tex/latex/graphics/keyval.sty
Package: keyval 2014/10/28 v1.15 key=value parser (DPC)
\KV@toks@=\toks15
)
(/usr/share/texlive/texmf-dist/tex/generic/iftex/ifvtex.sty
Package: ifvtex 2019/10/25 v1.7 ifvtex legacy package. Use iftex instead.

(/usr/share/texlive/texmf-dist/tex/generic/iftex/iftex.sty
Package: iftex 2020/03/06 v1.0d TeX engine tests
))
\Gm@cnth=\count185
\Gm@cntv=\count186
\c@Gm@tempcnt=\count187
\Gm@bindingoffset=\dimen139
\Gm@wd@mp=\dimen140
\Gm@odd@mp=\dimen141
\Gm@even@mp=\dimen142
\Gm@layoutwidth=\dimen143
\Gm@layoutheight=\dimen144
\Gm@layouthoffset=\dimen145
\Gm@layoutvoffset=\dimen146
\Gm@dimlist=\toks16
)
(/usr/share/texlive/texmf-dist/tex/latex/xcolor/xcolor.sty
Package: xcolor 2016/05/11 v2.12 LaTeX color extensions (UK)

(/usr/share/texlive/texmf-dist/tex/latex/graphics-cfg/color.cfg
File: color.cfg 2016/01/02 v1.6 sample color configuration
)
Package xcolor Info: Driver file: pdftex.def on input line 225.

(/usr/share/texlive/texmf-dist/tex/latex/graphics-def/pdftex.def
File: pdftex.def 2020/10/05 v1.2a Graphics/color driver for pdftex
)
(/usr/share/texlive/texmf-dist/tex/latex/colortbl/colortbl.sty
Package: colortbl 2020/01/04 v1.0e Color table columns (DPC)

(/usr/share/texlive/texmf-dist/tex/latex/tools/array.sty
Package: array 2020/10/01 v2.5c Tabular extension package (FMi)
\col@sep=\dimen147
\ar@mcellbox=\box47
\extrarowheight=\dimen148
\NC@list=\toks17
\extratabsurround=\skip49
\backup@length=\skip50
\ar@cellbox=\box48
)
\everycr=\toks18
\minrowclearance=\skip51
)
\rownum=\count188
Package xcolor Info: Model `cmy' substituted by `cmy0' on input line 1348.
Package xcolor Info: Model `hsb' substituted by `rgb' on input line 1352.
Package xcolor Info: Model `RGB' extended on input line 1364.
Package xcolor Info: Model `HTML' substituted by `rgb' on input line 1366.
Package xcolor Info: Model `Hsb' substituted by `hsb' on input line 1367.
Package xcolor Info: Model `tHsb' substituted by `hsb' on input line 1368.
Package xcolor Info: Model `HSB' substituted by `hsb' on input line 1369.
Package xcolor Info: Model `Gray' substituted by `gray' on input line 1370.
Package xcolor Info: Model `wave' substituted by `hsb' on input line 1371.
)
(/usr/share/texlive/texmf-dist/tex/latex/blindtext/blindtext.sty
Package: blindtext 2012/01/06 V2.0 blindtext-Package

(/usr/share/texlive/texmf-dist/tex/latex/tools/xspace.sty
Package: xspace 2014/10/28 v1.13 Space after command names (DPC,MH)
)
\c@blindtext=\count189
\c@Blindtext=\count190
\c@blind@countparstart=\count191
\blind@countxx=\count192
\blindtext@numBlindtext=\count193
\blind@countyy=\count194
\c@blindlist=\count195
\c@blindlistlevel=\count196
\c@blindlist@level=\count197
\blind@listitem=\count198
\c@blind@listcount=\count199
\c@blind@levelcount=\count266
\blind@mathformula=\count267
\blind@Mathformula=\count268
\c@blind@randomcount=\count269
\c@blind@randommax=\count270
\c@blind@pangramcount=\count271
\c@blind@pangrammax=\count272
)
(/usr/share/texlive/texmf-dist/tex/latex/booktabs/booktabs.sty
Package: booktabs 2020/01/12 v1.61803398 Publication quality tables
\heavyrulewidth=\dimen149
\lightrulewidth=\dimen150
\cmidrulewidth=\dimen151
\belowrulesep=\dimen152
\belowbottomsep=\dimen153
\aboverulesep=\dimen154
\abovetopsep=\dimen155
\cmidrulesep=\dimen156
\cmidrulekern=\dimen157
\defaultaddspace=\dimen158
\@cmidla=\count273
\@cmidlb=\count274
\@aboverulesep=\dimen159
\@belowrulesep=\dimen160
\@thisruleclass=\count275
\@lastruleclass=\count276
\@thisrulewidth=\dimen161
)
(/usr/share/texlive/texmf-dist/tex/latex/hyperref/hyperref.sty
Package: hyperref 2020-05-15 v7.00e Hypertext links for LaTeX

(/usr/share/texlive/texmf-dist/tex/generic/ltxcmds/ltxcmds.sty
Package: ltxcmds 2020-05-10 v1.25 LaTeX kernel commands for general use (HO)
)
(/usr/share/texlive/texmf-dist/tex/generic/pdftexcmds/pdftexcmds.sty
Package: pdftexcmds 2020-06-27 v0.33 Utility functions of pdfTeX for LuaTeX (HO
)

(/usr/share/texlive/texmf-dist/tex/generic/infwarerr/infwarerr.sty
Package: infwarerr 2019/12/03 v1.5 Providing info/warning/error messages (HO)
)
Package pdftexcmds Info: \pdf@primitive is available.
Package pdftexcmds Info: \pdf@ifprimitive is available.
Package pdftexcmds Info: \pdfdraftmode found.
)
(/usr/share/texlive/texmf-dist/tex/generic/kvsetkeys/kvsetkeys.sty
Package: kvsetkeys 2019/12/15 v1.18 Key value parser (HO)
)
(/usr/share/texlive/texmf-dist/tex/generic/kvdefinekeys/kvdefinekeys.sty
Package: kvdefinekeys 2019-12-19 v1.6 Define keys (HO)
)
(/usr/share/texlive/texmf-dist/tex/generic/pdfescape/pdfescape.sty
Package: pdfescape 2019/12/09 v1.15 Implements pdfTeX's escape features (HO)
)
(/usr/share/texlive/texmf-dist/tex/latex/hycolor/hycolor.sty
Package: hycolor 2020-01-27 v1.10 Color options for hyperref/bookmark (HO)
)
(/usr/share/texlive/texmf-dist/tex/latex/letltxmacro/letltxmacro.sty
Package: letltxmacro 2019/12/03 v1.6 Let assignment for LaTeX macros (HO)
)
(/usr/share/texlive/texmf-dist/tex/latex/auxhook/auxhook.sty
Package: auxhook 2019-12-17 v1.6 Hooks for auxiliary files (HO)
)
(/usr/share/texlive/texmf-dist/tex/latex/kvoptions/kvoptions.sty
Package: kvoptions 2020-10-07 v3.14 Key value format for package options (HO)
)
\@linkdim=\dimen162
\Hy@linkcounter=\count277
\Hy@pagecounter=\count278

(/usr/share/texlive/texmf-dist/tex/latex/hyperref/pd1enc.def
File: pd1enc.def 2020-05-15 v7.00e Hyperref: PDFDocEncoding definition (HO)
Now handling font encoding PD1 ...
... no UTF-8 mapping file for font encoding PD1
)
(/usr/share/texlive/texmf-dist/tex/generic/intcalc/intcalc.sty
Package: intcalc 2019/12/15 v1.3 Expandable calculations with integers (HO)
)
(/usr/share/texlive/texmf-dist/tex/generic/etexcmds/etexcmds.sty
Package: etexcmds 2019/12/15 v1.7 Avoid name clashes with e-TeX commands (HO)
)
\Hy@SavedSpaceFactor=\count279
Package hyperref Info: Hyper figures OFF on input line 4464.
Package hyperref Info: Link nesting OFF on input line 4469.
Package hyperref Info: Hyper index ON on input line 4472.
Package hyperref Info: Plain pages OFF on input line 4479.
Package hyperref Info: Backreferencing OFF on input line 4484.
Package hyperref Info: Implicit mode ON; LaTeX internals redefined.
Package hyperref Info: Bookmarks ON on input line 4717.
\c@Hy@tempcnt=\count280

(/usr/share/texlive/texmf-dist/tex/latex/url/url.sty
\Urlmuskip=\muskip16
Package: url 2013/09/16  ver 3.4  Verb mode for urls, etc.
)
LaTeX Info: Redefining \url on input line 5076.
\XeTeXLinkMargin=\dimen163

(/usr/share/texlive/texmf-dist/tex/generic/bitset/bitset.sty
Package: bitset 2019/12/09 v1.3 Handle bit-vector datatype (HO)

(/usr/share/texlive/texmf-dist/tex/generic/bigintcalc/bigintcalc.sty
Package: bigintcalc 2019/12/15 v1.5 Expandable calculations on big integers (HO
)
))
\Fld@menulength=\count281
\Field@Width=\dimen164
\Fld@charsize=\dimen165
Package hyperref Info: Hyper figures OFF on input line 6347.
Package hyperref Info: Link nesting OFF on input line 6352.
Package hyperref Info: Hyper index ON on input line 6355.
Package hyperref Info: backreferencing OFF on input line 6362.
Package hyperref Info: Link coloring OFF on input line 6367.
Package hyperref Info: Link coloring with OCG OFF on input line 6372.
Package hyperref Info: PDF/A mode OFF on input line 6377.
LaTeX Info: Redefining \ref on input line 6417.
LaTeX Info: Redefining \pageref on input line 6421.

(/usr/share/texlive/texmf-dist/tex/latex/base/atbegshi-ltx.sty
Package: atbegshi-ltx 2020/08/17 v1.0a Emulation of the original atbegshi packa
ge
with kernel methods
)
\Hy@abspage=\count282
\c@Item=\count283
\c@Hfootnote=\count284
)
Package hyperref Info: Driver (autodetected): hpdftex.

(/usr/share/texlive/texmf-dist/tex/latex/hyperref/hpdftex.def
File: hpdftex.def 2020-05-15 v7.00e Hyperref driver for pdfTeX

(/usr/share/texlive/texmf-dist/tex/latex/base/atveryend-ltx.sty
Package: atveryend-ltx 2020/08/19 v1.0a Emulation of the original atvery packag
e
with kernel methods
)
\Fld@listcount=\count285
\c@bookmark@seq@number=\count286

(/usr/share/texlive/texmf-dist/tex/latex/rerunfilecheck/rerunfilecheck.sty
Package: rerunfilecheck 2019/12/05 v1.9 Rerun checks for auxiliary files (HO)

(/usr/share/texlive/texmf-dist/tex/generic/uniquecounter/uniquecounter.sty
Package: uniquecounter 2019/12/15 v1.4 Provide unlimited unique counter (HO)
)
Package uniquecounter Info: New unique counter `rerunfilecheck' on input line 2
86.
)
\Hy@SectionHShift=\skip52
)
(/usr/share/texlive/texmf-dist/tex/latex/minted/minted.sty
Package: minted 2017/07/19 v2.5 Yet another Pygments shim for LaTeX

(/usr/share/texlive/texmf-dist/tex/latex/fvextra/fvextra.sty
Package: fvextra 2019/02/04 v1.4 fvextra - extensions and patches for fancyvrb

(/usr/share/texlive/texmf-dist/tex/latex/base/ifthen.sty
Package: ifthen 2014/09/29 v1.1c Standard LaTeX ifthen package (DPC)
)
(/usr/share/texlive/texmf-dist/tex/latex/etoolbox/etoolbox.sty
Package: etoolbox 2020/10/05 v2.5k e-TeX tools for LaTeX (JAW)
\etb@tempcnta=\count287
)
(/usr/share/texlive/texmf-dist/tex/latex/fancyvrb/fancyvrb.sty
Package: fancyvrb 2021/01/20 v3.7 verbatim text (tvz,hv)
\FV@CodeLineNo=\count288
\FV@InFile=\read2
\FV@TabBox=\box49
\c@FancyVerbLine=\count289
\FV@StepNumber=\count290
\FV@OutFile=\write3
)
(/usr/share/texlive/texmf-dist/tex/latex/upquote/upquote.sty
Package: upquote 2012/04/19 v1.3 upright-quote and grave-accent glyphs in verba
tim
)
(/usr/share/texlive/texmf-dist/tex/latex/lineno/lineno.sty
Package: lineno 2005/11/02 line numbers on paragraphs v4.41
\linenopenalty=\count291
\output=\toks19
\linenoprevgraf=\count292
\linenumbersep=\dimen166
\linenumberwidth=\dimen167
\c@linenumber=\count293
\c@pagewiselinenumber=\count294
\c@LN@truepage=\count295
\c@internallinenumber=\count296
\c@internallinenumbers=\count297
\quotelinenumbersep=\dimen168
\bframerule=\dimen169
\bframesep=\dimen170
\bframebox=\box50
LaTeX Info: Redefining \\ on input line 3056.
)
\c@FV@TrueTabGroupLevel=\count298
\c@FV@TrueTabCounter=\count299
\FV@TabBox@Group=\box51
\FV@TmpLength=\skip53
\c@FV@HighlightLinesStart=\count300
\c@FV@HighlightLinesStop=\count301
\FV@LoopCount=\count302
\FV@NCharsBox=\box52
\FV@BreakIndent=\dimen171
\FV@BreakIndentNChars=\count303
\FV@BreakSymbolSepLeft=\dimen172
\FV@BreakSymbolSepLeftNChars=\count304
\FV@BreakSymbolSepRight=\dimen173
\FV@BreakSymbolSepRightNChars=\count305
\FV@BreakSymbolIndentLeft=\dimen174
\FV@BreakSymbolIndentLeftNChars=\count306
\FV@BreakSymbolIndentRight=\dimen175
\FV@BreakSymbolIndentRightNChars=\count307
\c@FancyVerbLineBreakLast=\count308
\FV@LineBox=\box53
\FV@LineIndentBox=\box54
\FV@LineWidth=\dimen176
)
(/usr/share/texlive/texmf-dist/tex/latex/tools/calc.sty
Package: calc 2017/05/25 v4.3 Infix arithmetic (KKT,FJ)
\calc@Acount=\count309
\calc@Bcount=\count310
\calc@Adimen=\dimen177
\calc@Bdimen=\dimen178
\calc@Askip=\skip54
\calc@Bskip=\skip55
LaTeX Info: Redefining \setlength on input line 80.
LaTeX Info: Redefining \addtolength on input line 81.
\calc@Ccount=\count311
\calc@Cskip=\skip56
)
(/usr/share/texlive/texmf-dist/tex/latex/tools/shellesc.sty
Package: shellesc 2019/11/08 v1.0c unified shell escape interface for LaTeX
Package shellesc Info: Unrestricted shell escape enabled on input line 75.
)
(/usr/share/texlive/texmf-dist/tex/latex/ifplatform/ifplatform.sty
Package: ifplatform 2017/10/13 v0.4a Testing for the operating system

(/usr/share/texlive/texmf-dist/tex/generic/catchfile/catchfile.sty
Package: catchfile 2019/12/09 v1.8 Catch the contents of a file (HO)
)
(/usr/share/texlive/texmf-dist/tex/generic/iftex/ifluatex.sty
Package: ifluatex 2019/10/25 v1.5 ifluatex legacy package. Use iftex instead.
)
runsystem(uname -s > "syscalls.w18")...executed.

 (./syscalls.w18)
runsystem(rm -- "syscalls.w18")...executed.

) (/usr/share/texlive/texmf-dist/tex/generic/xstring/xstring.sty
(/usr/share/texlive/texmf-dist/tex/generic/xstring/xstring.tex
\integerpart=\count312
\decimalpart=\count313
)
Package: xstring 2019/02/06 v1.83 String manipulations (CT)
)
(/usr/share/texlive/texmf-dist/tex/latex/framed/framed.sty
Package: framed 2011/10/22 v 0.96: framed or shaded text with page breaks
\OuterFrameSep=\skip57
\fb@frw=\dimen179
\fb@frh=\dimen180
\FrameRule=\dimen181
\FrameSep=\dimen182
)
(/usr/share/texlive/texmf-dist/tex/latex/float/float.sty
Package: float 2001/11/08 v1.3d Float enhancements (AL)
\c@float@type=\count314
\float@exts=\toks20
\float@box=\box55
\@float@everytoks=\toks21
\@floatcapt=\box56
)
\minted@appexistsfile=\read3
\minted@bgbox=\box57
\minted@code=\write4
\c@minted@FancyVerbLineTemp=\count315
\c@minted@pygmentizecounter=\count316
\@float@every@listing=\toks22
\c@listing=\count317
)
runsystem(mkdir -p _minted-syscalls)...executed.


(/usr/share/texlive/texmf-dist/tex/latex/l3packages/xparse/xparse.sty
(/usr/share/texlive/texmf-dist/tex/latex/l3kernel/expl3.sty
Package: expl3 2021-01-09 L3 programming layer (loader) 

(/usr/share/texlive/texmf-dist/tex/latex/l3backend/l3backend-pdftex.def
File: l3backend-pdftex.def 2020-01-29 L3 backend support: PDF output (pdfTeX)
\l__color_backend_stack_int=\count318
\l__pdf_internal_box=\box58
))
Package: xparse 2020-10-27 L3 Experimental document command parser

(/usr/share/texlive/texmf-dist/tex/latex/l3packages/xparse/xparse-generic.tex))
Package hyperref Info: Option `colorlinks' set `true' on input line 26.
runsystem(which pygmentize && touch syscalls.aex)...executed.

runsystem(rm syscalls.aex)...executed.

(./syscalls.aux)
\openout1 = `syscalls.aux'.

LaTeX Font Info:    Checking defaults for OML/cmm/m/it on input line 31.
LaTeX Font Info:    ... okay on input line 31.
LaTeX Font Info:    Checking defaults for OMS/cmsy/m/n on input line 31.
LaTeX Font Info:    ... okay on input line 31.
LaTeX Font Info:    Checking defaults for OT1/cmr/m/n on input line 31.
LaTeX Font Info:    ... okay on input line 31.
LaTeX Font Info:    Checking defaults for T1/cmr/m/n on input line 31.
LaTeX Font Info:    ... okay on input line 31.
LaTeX Font Info:    Checking defaults for TS1/cmr/m/n on input line 31.
LaTeX Font Info:    ... okay on input line 31.
LaTeX Font Info:    Checking defaults for OMX/cmex/m/n on input line 31.
LaTeX Font Info:    ... okay on input line 31.
LaTeX Font Info:    Checking defaults for U/cmr/m/n on input line 31.
LaTeX Font Info:    ... okay on input line 31.
LaTeX Font Info:    Checking defaults for PD1/pdf/m/n on input line 31.
LaTeX Font Info:    ... okay on input line 31.

*geometry* driver: auto-detecting
*geometry* detected driver: pdftex
*geometry* verbose mode - [ preamble ] result:
* driver: pdftex
* paper: legalpaper
* layout: <same size as paper>
* layoutoffset:(h,v)=(0.0pt,0.0pt)
* modes: landscape 
* h-part:(L,W,R)=(21.33955pt, 969.10089pt, 21.33955pt)
* v-part:(T,H,B)=(21.33955pt, 571.61589pt, 21.33955pt)
* \paperwidth=1011.78pt
* \paperheight=614.295pt
* \textwidth=969.10089pt
* \textheight=571.61589pt
* \oddsidemargin=-50.93044pt
* \evensidemargin=-50.93044pt
* \topmargin=-87.93044pt
* \headheight=12.0pt
* \headsep=25.0pt
* \topskip=10.0pt
* \footskip=30.0pt
* \marginparwidth=65.0pt
* \marginparsep=11.0pt
* \columnsep=10.0pt
* \skip\footins=9.0pt plus 4.0pt minus 2.0pt
* \hoffset=0.0pt
* \voffset=0.0pt
* \mag=1000
* \@twocolumnfalse
* \@twosidefalse
* \@mparswitchfalse
* \@reversemarginfalse
* (1in=72.27pt=25.4mm, 1cm=28.453pt)

(/usr/share/texlive/texmf-dist/tex/context/base/mkii/supp-pdf.mkii
[Loading MPS to PDF converter (version 2006.09.02).]
\scratchcounter=\count319
\scratchdimen=\dimen183
\scratchbox=\box59
\nofMPsegments=\count320
\nofMParguments=\count321
\everyMPshowfont=\toks23
\MPscratchCnt=\count322
\MPscratchDim=\dimen184
\MPnumerator=\count323
\makeMPintoPDFobject=\count324
\everyMPtoPDFconversion=\toks24
)
Package hyperref Info: Link coloring ON on input line 31.
 (/usr/share/texlive/texmf-dist/tex/latex/hyperref/nameref.sty
Package: nameref 2019/09/16 v2.46 Cross-referencing by name of section

(/usr/share/texlive/texmf-dist/tex/latex/refcount/refcount.sty
Package: refcount 2019/12/15 v3.6 Data extraction from label references (HO)
)
(/usr/share/texlive/texmf-dist/tex/generic/gettitlestring/gettitlestring.sty
Package: gettitlestring 2019/12/15 v1.6 Cleanup title references (HO)
)
\c@section@level=\count325
)
LaTeX Info: Redefining \ref on input line 31.
LaTeX Info: Redefining \pageref on input line 31.
LaTeX Info: Redefining \nameref on input line 31.

(./syscalls.out) (./syscalls.out)
\@outlinefile=\write5
\openout5 = `syscalls.out'.

\openout4 = `syscalls.pyg'.


(./_minted-syscalls/default-pyg-prefix.pygstyle)
(./_minted-syscalls/default.pygstyle)
(./_minted-syscalls/E870D89128690FDE72ADB647AF25F00861603D1FF6AF0D7DB94A3B60B12
7E8F4.pygtex)
\openout4 = `syscalls.pyg'.


(./_minted-syscalls/394D3240A9DE1730F30506170631CB4261603D1FF6AF0D7DB94A3B60B12
7E8F4.pygtex)
\openout4 = `syscalls.pyg'.


(./_minted-syscalls/450B6446D3232490F8463916FF1AEFA961603D1FF6AF0D7DB94A3B60B12
7E8F4.pygtex)
\openout4 = `syscalls.pyg'.


(./_minted-syscalls/1466F22805F828D24CF3D85598D15ED361603D1FF6AF0D7DB94A3B60B12
7E8F4.pygtex)
\openout4 = `syscalls.pyg'.


(./_minted-syscalls/BC3AD0FF5A634B6F37FCCE54E986E75E61603D1FF6AF0D7DB94A3B60B12
7E8F4.pygtex)
LaTeX Font Info:    External font `cmex10' loaded for size
(Font)              <7> on input line 44.
LaTeX Font Info:    External font `cmex10' loaded for size
(Font)              <5> on input line 44.
\openout4 = `syscalls.pyg'.


(./_minted-syscalls/25F17A2E19FF9FC4758BDB848BAEA08761603D1FF6AF0D7DB94A3B60B12
7E8F4.pygtex)
\openout4 = `syscalls.pyg'.


(./_minted-syscalls/39E79E0244FD32640B66871AE20F5DBF61603D1FF6AF0D7DB94A3B60B12
7E8F4.pygtex)
\openout4 = `syscalls.pyg'.


(./_minted-syscalls/C88E78BF37346EB51B7A9F1D80E2A44061603D1FF6AF0D7DB94A3B60B12
7E8F4.pygtex)
\openout4 = `syscalls.pyg'.


(./_minted-syscalls/5991713A3E84A2440F3E66D82C83C12C61603D1FF6AF0D7DB94A3B60B12
7E8F4.pygtex)
\openout4 = `syscalls.pyg'.


(./_minted-syscalls/0392DA322189B70B9D42BE684CECFAB361603D1FF6AF0D7DB94A3B60B12
7E8F4.pygtex)
\openout4 = `syscalls.pyg'.


(./_minted-syscalls/0BD0BE45573AE86028178A851E37FF0661603D1FF6AF0D7DB94A3B60B12
7E8F4.pygtex)
\openout4 = `syscalls.pyg'.


(./_minted-syscalls/BF8BECBB0DAE20D6E2FF06DE1D9582F061603D1FF6AF0D7DB94A3B60B12
7E8F4.pygtex)
\openout4 = `syscalls.pyg'.


(./_minted-syscalls/ED384F58875D01E242293142EED75A7A61603D1FF6AF0D7DB94A3B60B12
7E8F4.pygtex)
\openout4 = `syscalls.pyg'.


(./_minted-syscalls/C6548162F7D626899F41EDF56F4B1E8361603D1FF6AF0D7DB94A3B60B12
7E8F4.pygtex
LaTeX Font Info:    Font shape `OT1/cmtt/bx/n' in size <10> not available
(Font)              Font shape `OT1/cmtt/m/n' tried instead on input line 2.
)
\openout4 = `syscalls.pyg'.


(./_minted-syscalls/8044DD35CC3134839D92E9BB89DDE8D261603D1FF6AF0D7DB94A3B60B12
7E8F4.pygtex)
\openout4 = `syscalls.pyg'.


(./_minted-syscalls/5AC1FD541744A7BB60295BF5365A3B4D61603D1FF6AF0D7DB94A3B60B12
7E8F4.pygtex)
\openout4 = `syscalls.pyg'.


(./_minted-syscalls/7108B7E24D06D2EDF311719FF65725A161603D1FF6AF0D7DB94A3B60B12
7E8F4.pygtex)
\openout4 = `syscalls.pyg'.


(./_minted-syscalls/C6548162F7D626899F41EDF56F4B1E8361603D1FF6AF0D7DB94A3B60B12
7E8F4.pygtex)
\openout4 = `syscalls.pyg'.


(./_minted-syscalls/22CF1C3E72ECD6D1E0D8CE9B269738BC61603D1FF6AF0D7DB94A3B60B12
7E8F4.pygtex)
\openout4 = `syscalls.pyg'.


(./_minted-syscalls/5AC1FD541744A7BB60295BF5365A3B4D61603D1FF6AF0D7DB94A3B60B12
7E8F4.pygtex)
\openout4 = `syscalls.pyg'.


(./_minted-syscalls/6D856ACDD097581CF176A978DF4787AB61603D1FF6AF0D7DB94A3B60B12
7E8F4.pygtex)
\openout4 = `syscalls.pyg'.


(./_minted-syscalls/F14D73F692611FCD22BCD0CD411CBE1061603D1FF6AF0D7DB94A3B60B12
7E8F4.pygtex)
\openout4 = `syscalls.pyg'.


(./_minted-syscalls/B5C6B666FDF34131D23EFC508B537A2F61603D1FF6AF0D7DB94A3B60B12
7E8F4.pygtex)
\openout4 = `syscalls.pyg'.


(./_minted-syscalls/D3A9969AAEFE7F7A8394C8F2561CAC6561603D1FF6AF0D7DB94A3B60B12
7E8F4.pygtex)
\openout4 = `syscalls.pyg'.


(./_minted-syscalls/4536A917C69224150C61D26D7B54201761603D1FF6AF0D7DB94A3B60B12
7E8F4.pygtex)
\openout4 = `syscalls.pyg'.


(./_minted-syscalls/C6548162F7D626899F41EDF56F4B1E8361603D1FF6AF0D7DB94A3B60B12
7E8F4.pygtex)
\openout4 = `syscalls.pyg'.


(./_minted-syscalls/7C1C3A8CCA600CA8FF25ABFF8ED5184B61603D1FF6AF0D7DB94A3B60B12
7E8F4.pygtex)
\openout4 = `syscalls.pyg'.


(./_minted-syscalls/F14D73F692611FCD22BCD0CD411CBE1061603D1FF6AF0D7DB94A3B60B12
7E8F4.pygtex)
\openout4 = `syscalls.pyg'.


(./_minted-syscalls/ED4E511B5DBBDEB9E3E494B7B20091D861603D1FF6AF0D7DB94A3B60B12
7E8F4.pygtex)
\openout4 = `syscalls.pyg'.


(./_minted-syscalls/B13742AD39E7CBF24E73AB176046A95861603D1FF6AF0D7DB94A3B60B12
7E8F4.pygtex)
\openout4 = `syscalls.pyg'.


(./_minted-syscalls/C6548162F7D626899F41EDF56F4B1E8361603D1FF6AF0D7DB94A3B60B12
7E8F4.pygtex)
\openout4 = `syscalls.pyg'.


(./_minted-syscalls/ED4E511B5DBBDEB9E3E494B7B20091D861603D1FF6AF0D7DB94A3B60B12
7E8F4.pygtex)
\openout4 = `syscalls.pyg'.


(./_minted-syscalls/FEC098541809AF60EBC51103D1A0E57361603D1FF6AF0D7DB94A3B60B12
7E8F4.pygtex)
\openout4 = `syscalls.pyg'.


(./_minted-syscalls/8A7C2AB5C4847BF814335D7317005FD361603D1FF6AF0D7DB94A3B60B12
7E8F4.pygtex)
\openout4 = `syscalls.pyg'.


(./_minted-syscalls/ED4E511B5DBBDEB9E3E494B7B20091D861603D1FF6AF0D7DB94A3B60B12
7E8F4.pygtex)
\openout4 = `syscalls.pyg'.


(./_minted-syscalls/A3C88B899FBDB4E7D2B768362A15818E61603D1FF6AF0D7DB94A3B60B12
7E8F4.pygtex)
\openout4 = `syscalls.pyg'.


(./_minted-syscalls/6B4E6E3C6A6397282014CBAC46008A8C61603D1FF6AF0D7DB94A3B60B12
7E8F4.pygtex)
\openout4 = `syscalls.pyg'.


(./_minted-syscalls/797EB850B92B208D28C1BD8E77F9365861603D1FF6AF0D7DB94A3B60B12
7E8F4.pygtex)
\openout4 = `syscalls.pyg'.


(./_minted-syscalls/D3B39092A704CAE8B9302F31940069A661603D1FF6AF0D7DB94A3B60B12
7E8F4.pygtex)
\openout4 = `syscalls.pyg'.


(./_minted-syscalls/D553AB3160E545722D89A19062ABFE0D61603D1FF6AF0D7DB94A3B60B12
7E8F4.pygtex)
\openout4 = `syscalls.pyg'.


(./_minted-syscalls/C6548162F7D626899F41EDF56F4B1E8361603D1FF6AF0D7DB94A3B60B12
7E8F4.pygtex)
\openout4 = `syscalls.pyg'.


(./_minted-syscalls/365C94BDE68DDEB9BA71879D811B2CDD61603D1FF6AF0D7DB94A3B60B12
7E8F4.pygtex)
\openout4 = `syscalls.pyg'.


(./_minted-syscalls/140EB389254C506966CFD1BCEFE28B6161603D1FF6AF0D7DB94A3B60B12
7E8F4.pygtex)
\openout4 = `syscalls.pyg'.


(./_minted-syscalls/93547C4E216F2B482D1A5DC014A7C02161603D1FF6AF0D7DB94A3B60B12
7E8F4.pygtex)
\openout4 = `syscalls.pyg'.


(./_minted-syscalls/98C462A23029ACEA46061029D81619DA61603D1FF6AF0D7DB94A3B60B12
7E8F4.pygtex)
\openout4 = `syscalls.pyg'.


(./_minted-syscalls/619057AB248A967078DA32F4F73F33CE61603D1FF6AF0D7DB94A3B60B12
7E8F4.pygtex)
\openout4 = `syscalls.pyg'.


(./_minted-syscalls/1D60A81F69943F12A0FCCAC0F3BEC83F61603D1FF6AF0D7DB94A3B60B12
7E8F4.pygtex)
\openout4 = `syscalls.pyg'.


(./_minted-syscalls/4E05A5F52B3C1444626BBC82A72F76C461603D1FF6AF0D7DB94A3B60B12
7E8F4.pygtex)
\openout4 = `syscalls.pyg'.


(./_minted-syscalls/9F574EA5C902B0A0B5672F04DE3E8B1A61603D1FF6AF0D7DB94A3B60B12
7E8F4.pygtex)
\openout4 = `syscalls.pyg'.


(./_minted-syscalls/F04D5D9CFEB6E33F778AF9618CA3ED0D61603D1FF6AF0D7DB94A3B60B12
7E8F4.pygtex)
\openout4 = `syscalls.pyg'.


(./_minted-syscalls/83B3728C5080326B2EE0E5700ECAAAB561603D1FF6AF0D7DB94A3B60B12
7E8F4.pygtex)
\openout4 = `syscalls.pyg'.


(./_minted-syscalls/326DCC88BD94FC685470C24F5345E0AF61603D1FF6AF0D7DB94A3B60B12
7E8F4.pygtex)
\openout4 = `syscalls.pyg'.


(./_minted-syscalls/F927BCA28584ACEB45B435822DED563561603D1FF6AF0D7DB94A3B60B12
7E8F4.pygtex)
\openout4 = `syscalls.pyg'.


(./_minted-syscalls/1D60A81F69943F12A0FCCAC0F3BEC83F61603D1FF6AF0D7DB94A3B60B12
7E8F4.pygtex)
\openout4 = `syscalls.pyg'.


(./_minted-syscalls/EC0528914EE19D5F45E9D460956A00D261603D1FF6AF0D7DB94A3B60B12
7E8F4.pygtex)
\openout4 = `syscalls.pyg'.


(./_minted-syscalls/98C462A23029ACEA46061029D81619DA61603D1FF6AF0D7DB94A3B60B12
7E8F4.pygtex)
\openout4 = `syscalls.pyg'.


(./_minted-syscalls/F927BCA28584ACEB45B435822DED563561603D1FF6AF0D7DB94A3B60B12
7E8F4.pygtex)
\openout4 = `syscalls.pyg'.


(./_minted-syscalls/52713346322421F37157AF92E0BAD85761603D1FF6AF0D7DB94A3B60B12
7E8F4.pygtex)
\openout4 = `syscalls.pyg'.


(./_minted-syscalls/3D72FA2757236F189720A104A116249C61603D1FF6AF0D7DB94A3B60B12
7E8F4.pygtex)
\openout4 = `syscalls.pyg'.


(./_minted-syscalls/69AF5F35071AB260C28747CDB9E264F061603D1FF6AF0D7DB94A3B60B12
7E8F4.pygtex)
\openout4 = `syscalls.pyg'.


(./_minted-syscalls/EF5050C51379C7F514A1BDF9B424B3B161603D1FF6AF0D7DB94A3B60B12
7E8F4.pygtex)
\openout4 = `syscalls.pyg'.


(./_minted-syscalls/AFFB25090CB0C5BEBF241B55C636C4AC61603D1FF6AF0D7DB94A3B60B12
7E8F4.pygtex)
\openout4 = `syscalls.pyg'.


(./_minted-syscalls/0A41F33068545833844E043C766B6C5561603D1FF6AF0D7DB94A3B60B12
7E8F4.pygtex)
\openout4 = `syscalls.pyg'.


(./_minted-syscalls/1C680A965FA305A52E1EDBC35B71670261603D1FF6AF0D7DB94A3B60B12
7E8F4.pygtex)
\openout4 = `syscalls.pyg'.


(./_minted-syscalls/3420F92606CAB6C64394371417BA1D4E61603D1FF6AF0D7DB94A3B60B12
7E8F4.pygtex)
Underfull \hbox (badness 10000) in paragraph at lines 79--79
[]|\OT1/cmr/m/n/10 examine and change
 []

\openout4 = `syscalls.pyg'.


(./_minted-syscalls/79A933E0077CD526C1816A7075CEEF6F61603D1FF6AF0D7DB94A3B60B12
7E8F4.pygtex)
\openout4 = `syscalls.pyg'.


(./_minted-syscalls/C104B1C85F6F81A2D5D1DC144A0BA92B61603D1FF6AF0D7DB94A3B60B12
7E8F4.pygtex)
\openout4 = `syscalls.pyg'.


(./_minted-syscalls/4166783E01C2E5983DA48A303AEA14D561603D1FF6AF0D7DB94A3B60B12
7E8F4.pygtex)
\openout4 = `syscalls.pyg'.


(./_minted-syscalls/1C680A965FA305A52E1EDBC35B71670261603D1FF6AF0D7DB94A3B60B12
7E8F4.pygtex)
\openout4 = `syscalls.pyg'.


(./_minted-syscalls/0DFA627125202D789BF25BA1545503F761603D1FF6AF0D7DB94A3B60B12
7E8F4.pygtex)
\openout4 = `syscalls.pyg'.


(./_minted-syscalls/0E34062FDF9AA3E818B5AF09BCE38B3361603D1FF6AF0D7DB94A3B60B12
7E8F4.pygtex)
\openout4 = `syscalls.pyg'.


(./_minted-syscalls/703792357AF683BCA57F43628B767FE161603D1FF6AF0D7DB94A3B60B12
7E8F4.pygtex)
\openout4 = `syscalls.pyg'.


(./_minted-syscalls/C6548162F7D626899F41EDF56F4B1E8361603D1FF6AF0D7DB94A3B60B12
7E8F4.pygtex)
\openout4 = `syscalls.pyg'.


(./_minted-syscalls/3B685E1CFAE3B996C60168837E1D403561603D1FF6AF0D7DB94A3B60B12
7E8F4.pygtex)
\openout4 = `syscalls.pyg'.


(./_minted-syscalls/D72DB1D35F89EF04AC8B1C7C8B39F0E161603D1FF6AF0D7DB94A3B60B12
7E8F4.pygtex)
\openout4 = `syscalls.pyg'.


(./_minted-syscalls/39A0D9DF17B8EAAA3AD8745F917538C761603D1FF6AF0D7DB94A3B60B12
7E8F4.pygtex)
\openout4 = `syscalls.pyg'.


(./_minted-syscalls/9F574EA5C902B0A0B5672F04DE3E8B1A61603D1FF6AF0D7DB94A3B60B12
7E8F4.pygtex)
\openout4 = `syscalls.pyg'.


(./_minted-syscalls/8044DD35CC3134839D92E9BB89DDE8D261603D1FF6AF0D7DB94A3B60B12
7E8F4.pygtex)
\openout4 = `syscalls.pyg'.


(./_minted-syscalls/5AC1FD541744A7BB60295BF5365A3B4D61603D1FF6AF0D7DB94A3B60B12
7E8F4.pygtex)
\openout4 = `syscalls.pyg'.


(./_minted-syscalls/CDE36D977025445987B42DB4DF35604061603D1FF6AF0D7DB94A3B60B12
7E8F4.pygtex)
\openout4 = `syscalls.pyg'.


(./_minted-syscalls/DCFDD5E021A869FCC6DFAEF8BF31377E61603D1FF6AF0D7DB94A3B60B12
7E8F4.pygtex)
\openout4 = `syscalls.pyg'.


(./_minted-syscalls/DCFDD5E021A869FCC6DFAEF8BF31377E61603D1FF6AF0D7DB94A3B60B12
7E8F4.pygtex)
\openout4 = `syscalls.pyg'.


(./_minted-syscalls/DCFDD5E021A869FCC6DFAEF8BF31377E61603D1FF6AF0D7DB94A3B60B12
7E8F4.pygtex)
\openout4 = `syscalls.pyg'.


(./_minted-syscalls/DCFDD5E021A869FCC6DFAEF8BF31377E61603D1FF6AF0D7DB94A3B60B12
7E8F4.pygtex)
\openout4 = `syscalls.pyg'.


(./_minted-syscalls/DCFDD5E021A869FCC6DFAEF8BF31377E61603D1FF6AF0D7DB94A3B60B12
7E8F4.pygtex)
\openout4 = `syscalls.pyg'.


(./_minted-syscalls/DCFDD5E021A869FCC6DFAEF8BF31377E61603D1FF6AF0D7DB94A3B60B12
7E8F4.pygtex)
\openout4 = `syscalls.pyg'.


(./_minted-syscalls/DCFDD5E021A869FCC6DFAEF8BF31377E61603D1FF6AF0D7DB94A3B60B12
7E8F4.pygtex)
\openout4 = `syscalls.pyg'.


(./_minted-syscalls/DCFDD5E021A869FCC6DFAEF8BF31377E61603D1FF6AF0D7DB94A3B60B12
7E8F4.pygtex)
\openout4 = `syscalls.pyg'.


(./_minted-syscalls/DCFDD5E021A869FCC6DFAEF8BF31377E61603D1FF6AF0D7DB94A3B60B12
7E8F4.pygtex)
\openout4 = `syscalls.pyg'.


(./_minted-syscalls/DCFDD5E021A869FCC6DFAEF8BF31377E61603D1FF6AF0D7DB94A3B60B12
7E8F4.pygtex)
\openout4 = `syscalls.pyg'.


(./_minted-syscalls/DCFDD5E021A869FCC6DFAEF8BF31377E61603D1FF6AF0D7DB94A3B60B12
7E8F4.pygtex)
\openout4 = `syscalls.pyg'.


(./_minted-syscalls/DCFDD5E021A869FCC6DFAEF8BF31377E61603D1FF6AF0D7DB94A3B60B12
7E8F4.pygtex)
\openout4 = `syscalls.pyg'.


(./_minted-syscalls/DCFDD5E021A869FCC6DFAEF8BF31377E61603D1FF6AF0D7DB94A3B60B12
7E8F4.pygtex)
\openout4 = `syscalls.pyg'.


(./_minted-syscalls/DCFDD5E021A869FCC6DFAEF8BF31377E61603D1FF6AF0D7DB94A3B60B12
7E8F4.pygtex)
\openout4 = `syscalls.pyg'.


(./_minted-syscalls/DCFDD5E021A869FCC6DFAEF8BF31377E61603D1FF6AF0D7DB94A3B60B12
7E8F4.pygtex)
\openout4 = `syscalls.pyg'.


(./_minted-syscalls/DCFDD5E021A869FCC6DFAEF8BF31377E61603D1FF6AF0D7DB94A3B60B12
7E8F4.pygtex)
\openout4 = `syscalls.pyg'.


(./_minted-syscalls/DCFDD5E021A869FCC6DFAEF8BF31377E61603D1FF6AF0D7DB94A3B60B12
7E8F4.pygtex)
\openout4 = `syscalls.pyg'.


(./_minted-syscalls/DCFDD5E021A869FCC6DFAEF8BF31377E61603D1FF6AF0D7DB94A3B60B12
7E8F4.pygtex)
\openout4 = `syscalls.pyg'.


(./_minted-syscalls/DCFDD5E021A869FCC6DFAEF8BF31377E61603D1FF6AF0D7DB94A3B60B12
7E8F4.pygtex)
\openout4 = `syscalls.pyg'.


(./_minted-syscalls/DCFDD5E021A869FCC6DFAEF8BF31377E61603D1FF6AF0D7DB94A3B60B12
7E8F4.pygtex)
\openout4 = `syscalls.pyg'.


(./_minted-syscalls/DCFDD5E021A869FCC6DFAEF8BF31377E61603D1FF6AF0D7DB94A3B60B12
7E8F4.pygtex)
\openout4 = `syscalls.pyg'.


(./_minted-syscalls/DCFDD5E021A869FCC6DFAEF8BF31377E61603D1FF6AF0D7DB94A3B60B12
7E8F4.pygtex)
\openout4 = `syscalls.pyg'.


(./_minted-syscalls/DCFDD5E021A869FCC6DFAEF8BF31377E61603D1FF6AF0D7DB94A3B60B12
7E8F4.pygtex)
\openout4 = `syscalls.pyg'.


(./_minted-syscalls/DCFDD5E021A869FCC6DFAEF8BF31377E61603D1FF6AF0D7DB94A3B60B12
7E8F4.pygtex)
\openout4 = `syscalls.pyg'.


(./_minted-syscalls/DCFDD5E021A869FCC6DFAEF8BF31377E61603D1FF6AF0D7DB94A3B60B12
7E8F4.pygtex)
\openout4 = `syscalls.pyg'.


(./_minted-syscalls/DCFDD5E021A869FCC6DFAEF8BF31377E61603D1FF6AF0D7DB94A3B60B12
7E8F4.pygtex)
\openout4 = `syscalls.pyg'.


(./_minted-syscalls/DCFDD5E021A869FCC6DFAEF8BF31377E61603D1FF6AF0D7DB94A3B60B12
7E8F4.pygtex)
\openout4 = `syscalls.pyg'.


(./_minted-syscalls/DCFDD5E021A869FCC6DFAEF8BF31377E61603D1FF6AF0D7DB94A3B60B12
7E8F4.pygtex)
\openout4 = `syscalls.pyg'.


(./_minted-syscalls/DCFDD5E021A869FCC6DFAEF8BF31377E61603D1FF6AF0D7DB94A3B60B12
7E8F4.pygtex)
\openout4 = `syscalls.pyg'.


(./_minted-syscalls/DCFDD5E021A869FCC6DFAEF8BF31377E61603D1FF6AF0D7DB94A3B60B12
7E8F4.pygtex)
\openout4 = `syscalls.pyg'.


(./_minted-syscalls/DCFDD5E021A869FCC6DFAEF8BF31377E61603D1FF6AF0D7DB94A3B60B12
7E8F4.pygtex)
\openout4 = `syscalls.pyg'.


(./_minted-syscalls/DCFDD5E021A869FCC6DFAEF8BF31377E61603D1FF6AF0D7DB94A3B60B12
7E8F4.pygtex)
Overfull \hbox (4.2036pt too wide) in paragraph at lines 44--156
 [] 
 []

[1

{/var/lib/texmf/fonts/map/pdftex/updmap/pdftex.map}]
Overfull \vbox (141.45079pt too high) has occurred while \output is active []


[2] [3] (./syscalls.aux)
Package rerunfilecheck Info: File `syscalls.out' has not changed.
(rerunfilecheck)             Checksum: D41D8CD98F00B204E9800998ECF8427E;0.
runsystem(rm syscalls.pyg)...executed.

 ) 
Here is how much of TeX's memory you used:
 9780 strings out of 479304
 194135 string characters out of 5869778
 624782 words of memory out of 5000000
 26528 multiletter control sequences out of 15000+600000
 404538 words of font info for 31 fonts, out of 8000000 for 9000
 1141 hyphenation exceptions out of 8191
 72i,11n,75p,336b,511s stack positions out of 5000i,500n,10000p,200000b,80000s
{/usr/share/texmf/fonts/enc/dvips/cm-super/cm-super-ts1.enc}</usr/share/texli
ve/texmf-dist/fonts/type1/public/amsfonts/cm/cmbx12.pfb></usr/share/texlive/tex
mf-dist/fonts/type1/public/amsfonts/cm/cmr10.pfb></usr/share/texlive/texmf-dist
/fonts/type1/public/amsfonts/cm/cmtt10.pfb></usr/share/texmf/fonts/type1/public
/cm-super/sfrm1000.pfb>
Output written on syscalls.pdf (3 pages, 58530 bytes).
PDF statistics:
 44 PDF objects out of 1000 (max. 8388607)
 34 compressed objects within 1 object stream
 6 named destinations out of 1000 (max. 500000)
 1 words of extra memory for PDF output out of 10000 (max. 10000000)

